[2007-01-01 12:02] Pogromczyni Swiatla: people told me to go to 7/7 temple and when i did i got debug and they took my char,  i was currently 2nd highest lvl in the server then
[2007-01-01 12:44] Semiramida: 
[2007-01-01 13:45] Squidy: 
[2007-01-01 13:46] Squidy: Hmm i think mf need exuchaust bicose sorc witch mf bot is imortal
[2007-01-01 14:34] Darth Sithius: Mateusz Dragon Wielki is standing online with a onlinestanding tool
[2007-01-01 14:40] Darth Sithius: Mateusz Dragon Wielki is standing online with a onlinestanding tool
[2007-01-01 14:40] Darth Sithius: Mateusz Dragon Wielki is standing online with a onlinestanding tool
[2007-01-01 14:40] Darth Sithius: Mateusz Dragon Wielki is standing online with a onlinestanding tool
[2007-01-01 14:40] Darth Sithius: Mateusz Dragon Wielki is standing online with a onlinestanding tool
[2007-01-01 14:40] Darth Sithius: Mateusz Dragon Wielki is standing online with a onlinestanding tool
[2007-01-01 14:40] Darth Sithius: Mateusz Dragon Wielki is standing online with a onlinestanding tool
[2007-01-01 14:40] Darth Sithius: Mateusz Dragon Wielki is standing online with a onlinestanding tool
[2007-01-01 14:40] Darth Sithius: :)
[2007-01-01 15:27] Anodax: 
[2007-01-01 15:27] Anodax: 
[2007-01-01 15:27] Anodax: to report stuff!
[2007-01-01 15:29] Squidy: 
[2007-01-01 15:56] Burt Simpson: 
[2007-01-01 20:24] Lawebuz: 
[2007-01-01 20:30] Eternal Oblivion: Sorc are imortal. Do some thing witch it bicose mf don't got exuchaust
[2007-01-01 21:44] Striker Hero: 
[2007-01-01 21:44] Striker Hero: io
[2007-01-01 23:09] Mateusz Dragon Wielki: 
[2007-01-01 23:32] Luthien Frostmourne: 
[2007-01-01 23:59] Luthien Frostmourne: macro
[2007-01-01 23:59] Luthien Frostmourne: macro on hesperides
[2007-01-01 23:59] Luthien Frostmourne: macro on hesperides
[2007-01-01 23:59] Luthien Frostmourne: macro on hesperides
[2007-01-01 23:59] Luthien Frostmourne: macro on hesperides
[2007-01-01 23:59] Luthien Frostmourne: macro on hesperides
[2007-01-01 23:59] Luthien Frostmourne: macro on hesperides
[2007-01-01 23:59] Luthien Frostmourne: macro on hesperides
[2007-01-01 23:59] Luthien Frostmourne: macro on hesperides
[2007-01-01 23:59] Luthien Frostmourne: macro on hesperides
[2007-01-01 23:59] Luthien Frostmourne: macro on hesperides
[2007-01-01 23:59] Luthien Frostmourne: macro on hesperides
[2007-01-01 23:59] Luthien Frostmourne: macro on hesperides
[2007-01-02 15:31] Apocalipsis: 
[2007-01-02 17:11] Timon: Bubble is afk i think
[2007-01-02 17:38] Garganfunker: 
[2007-01-02 17:38] Garganfunker: 
[2007-01-02 17:38] Garganfunker: 
[2007-01-02 17:38] Garganfunker: 
[2007-01-02 17:49] Dagor Dragontooth: Ingek is botting
[2007-01-02 18:17] Pibby: 
[2007-01-02 20:09] Refedebo: 
[2007-01-02 20:11] Refedebo: 
[2007-01-02 20:11] Refedebo: eternal isnt fighting and afking
[2007-01-02 20:12] Refedebo: he is blocking the char so noone else can play
[2007-01-02 20:33] Butcher Man: eternal oblivion, hes afking all the time and blocking the char so noone else can play it
[2007-01-02 20:33] Butcher Man: eternal oblivion, hes afking all the time and blocking the char so noone else can play it
[2007-01-02 20:33] Butcher Man: eternal oblivion, hes afking all the time and blocking the char so noone else can play it
[2007-01-02 20:33] Butcher Man: eternal oblivion, hes afking all the time and blocking the char so noone else can play it
[2007-01-02 20:33] Butcher Man: eternal oblivion, hes afking all the time and blocking the char so noone else can play it
[2007-01-02 20:33] Butcher Man: eternal oblivion, hes afking all the time and blocking the char so noone else can play it
[2007-01-02 20:33] Butcher Man: eternal oblivion, hes afking all the time and blocking the char so noone else can play it
[2007-01-02 20:33] Butcher Man: eternal oblivion, hes afking all the time and blocking the char so noone else can play it
[2007-01-02 20:33] Butcher Man: eternal oblivion, hes afking all the time and blocking the char so noone else can play it
[2007-01-02 20:33] Butcher Man: eternal oblivion, hes afking all the time and blocking the char so noone else can play it
[2007-01-02 20:33] Butcher Man: eternal oblivion, hes afking all the time and blocking the char so noone else can play it
[2007-01-02 20:33] Butcher Man: eternal oblivion, hes afking all the time and blocking the char so noone else can play it hes been there for like 1 hours
[2007-01-02 20:33] Butcher Man: eternal oblivion, hes afking all the time and blocking the char so noone else can play it hes been there for like 1 hours
[2007-01-02 20:33] Butcher Man: eternal oblivion, hes afking all the time and blocking the char so noone else can play it hes been there for like 1 hours
[2007-01-02 22:43] Narcosis: 
[2007-01-03 00:08] Penancea: can you restard the server? the most calmera is over 300 ;/
[2007-01-03 00:08] Penancea: can you restart the server? the most calmera is over 300 ;/
[2007-01-03 00:09] Penancea: can you restart the server? the most calmera is over 300 ;/
[2007-01-03 00:09] Penancea: can you restart the server? the most calmera is over 300 ;/
[2007-01-03 00:09] Penancea: can you restart the server? the most calmera is over 300 ;/
[2007-01-03 00:09] Penancea: can you restart the server? the most calmera is over 300 ;/
[2007-01-03 00:17] Dark Daniel: RESTARD THE SERVERS
[2007-01-03 00:17] Dark Daniel: RESTARD THE SERVERS
[2007-01-03 00:17] Dark Daniel: RESTARD THE SERVERS
[2007-01-03 00:17] Dark Daniel: RESTARD THE SERVERS
[2007-01-03 00:17] Dark Daniel: RESTARD THE SERVERS
[2007-01-03 00:17] Dark Daniel: RESTARD THE SERVERS
[2007-01-03 00:17] Dark Daniel: RESTARD THE SERVERS
[2007-01-03 00:17] Dark Daniel: RESTART THE SERVERS
[2007-01-03 00:17] Dark Daniel: RESTART THE SERVERS
[2007-01-03 00:17] Dark Daniel: RESTART THE SERVERS
[2007-01-03 00:17] Dark Daniel: RESTART THE SERVERS
[2007-01-03 00:17] Dark Daniel: RESTART THE SERVERS
[2007-01-03 00:17] Dark Daniel: RESTART THE SERVERS
[2007-01-03 00:17] Dark Daniel: RESTART THE SERVERS
[2007-01-03 00:17] Dark Daniel: RESTART THE SERVERS
[2007-01-03 00:17] Dark Daniel: RESTART THE SERVERS
[2007-01-03 00:17] Dark Daniel: RESTART THE SERVERS
[2007-01-03 00:17] Dark Daniel: RESTART THE SERVERS
[2007-01-03 00:17] Dark Daniel: RESTART THE SERVERS
[2007-01-03 00:17] Dark Daniel: RESTART THE SERVERS
[2007-01-03 00:17] Dark Daniel: RESTART THE SERVERS
[2007-01-03 00:17] Dark Daniel: RESTART THE SERVERS
[2007-01-03 00:17] Dark Daniel: RESTART THE SERVERS
[2007-01-03 00:17] Dark Daniel: RESTART THE SERVERS
[2007-01-03 00:17] Dark Daniel: RESTART THE SERVERS
[2007-01-03 00:17] Dark Daniel: RESTART THE SERVERS WE CANT GO OUT!!!!!!!!! CALMERA IS 400+!!!!
[2007-01-03 01:13] Herganon: 
[2007-01-03 01:13] Herganon: 
[2007-01-03 01:13] Herganon: giving xp
[2007-01-03 04:42] Ghael: 
[2007-01-03 04:42] Ghael: bubble ,cs
[2007-01-03 04:42] Ghael: bubble mcs
[2007-01-03 04:43] Ghael: bubble mcs and macro uhs
[2007-01-03 13:48] Lady Martunia: its the third time someone make me debug now and take my char :S
[2007-01-03 15:36] Lord Xavy: 
